<?xml version="1.0" encoding="UTF-8"?>
<testsuite xmlns:xsi="http://www.w3.org/2001/XMLSchema-instance" xsi:noNamespaceSchemaLocation="https://maven.apache.org/surefire/maven-surefire-plugin/xsd/surefire-test-report.xsd" version="3.0.2" name="com.prueba.antifraude.msantifraude.MsAntifraudeApplicationTests" time="2.679" tests="1" errors="0" skipped="0" failures="0">
  <properties>
[...]
</properties>
  <testcase name="contextLoads" classname="com.prueba.antifraude.msantifraude.MsAntifraudeApplicationTests" time="0.558">
    <system-out><![CDATA[00:09:01.844 [main] INFO org.springframework.test.context.support.AnnotationConfigContextLoaderUtils -- Could not detect default configuration classes for test class [com.prueba.antifraude.msantifraude.MsAntifraudeApplicationTests]: MsAntifraudeApplicationTests does not declare any static, non-private, non-final, nested classes annotated with @Configuration.
00:09:01.919 [main] INFO org.springframework.boot.test.context.SpringBootTestContextBootstrapper -- Found @SpringBootConfiguration com.prueba.antifraude.msantifraude.MsAntifraudeApplication for test class com.prueba.antifraude.msantifraude.MsAntifraudeApplicationTests

  .   ____          _            __ _ _
 /\\ / ___'_ __ _ _(_)_ __  __ _ \ \ \ \
( ( )\___ | '_ | '_| | '_ \/ _` | \ \ \ \
 \\/  ___)| |_)| | | | | || (_| |  ) ) ) )
  '  |____| .__|_| |_|_| |_\__, | / / / /
 =========|_|==============|___/=/_/_/_/

 :: Spring Boot ::                (v3.4.0)

2024-11-30T00:09:02.233-05:00  INFO 45904 --- [ms-antifraude] [           main] c.p.a.m.MsAntifraudeApplicationTests     : Starting MsAntifraudeApplicationTests using Java 21.0.5 with PID 45904 (started by diego in D:\Test\Java\java-code-challenge\ms-antifraude)
2024-11-30T00:09:02.234-05:00  INFO 45904 --- [ms-antifraude] [           main] c.p.a.m.MsAntifraudeApplicationTests     : No active profile set, falling back to 1 default profile: "default"
2024-11-30T00:09:03.706-05:00  INFO 45904 --- [ms-antifraude] [           main] o.a.k.clients.consumer.ConsumerConfig    : ConsumerConfig values: 
	allow.auto.create.topics = true
	auto.commit.interval.ms = 5000
	auto.include.jmx.reporter = true
	auto.offset.reset = latest
	bootstrap.servers = [localhost:9092]
	check.crcs = true
	client.dns.lookup = use_all_dns_ips
	client.id = consumer-my-group-id-1
	client.rack = 
	connections.max.idle.ms = 540000
	default.api.timeout.ms = 60000
	enable.auto.commit = false
	enable.metrics.push = true
	exclude.internal.topics = true
	fetch.max.bytes = 52428800
	fetch.max.wait.ms = 500
	fetch.min.bytes = 1
	group.id = my-group-id
	group.instance.id = null
	group.protocol = classic
	group.remote.assignor = null
	heartbeat.interval.ms = 3000
	interceptor.classes = []
	internal.leave.group.on.close = true
	internal.throw.on.fetch.stable.offset.unsupported = false
	isolation.level = read_uncommitted
	key.deserializer = class org.apache.kafka.common.serialization.StringDeserializer
	max.partition.fetch.bytes = 1048576
	max.poll.interval.ms = 300000
	max.poll.records = 500
	metadata.max.age.ms = 300000
	metadata.recovery.strategy = none
	metric.reporters = []
	metrics.num.samples = 2
	metrics.recording.level = INFO
	metrics.sample.window.ms = 30000
	partition.assignment.strategy = [class org.apache.kafka.clients.consumer.RangeAssignor, class org.apache.kafka.clients.consumer.CooperativeStickyAssignor]
	receive.buffer.bytes = 65536
	reconnect.backoff.max.ms = 1000
	reconnect.backoff.ms = 50
	request.timeout.ms = 30000
	retry.backoff.max.ms = 1000
	retry.backoff.ms = 100
	sasl.client.callback.handler.class = null
	sasl.jaas.config = null
	sasl.kerberos.kinit.cmd = /usr/bin/kinit
	sasl.kerberos.min.time.before.relogin = 60000
	sasl.kerberos.service.name = null
	sasl.kerberos.ticket.renew.jitter = 0.05
	sasl.kerberos.ticket.renew.window.factor = 0.8
	sasl.login.callback.handler.class = null
	sasl.login.class = null
	sasl.login.connect.timeout.ms = null
	sasl.login.read.timeout.ms = null
	sasl.login.refresh.buffer.seconds = 300
	sasl.login.refresh.min.period.seconds = 60
	sasl.login.refresh.window.factor = 0.8
	sasl.login.refresh.window.jitter = 0.05
	sasl.login.retry.backoff.max.ms = 10000
	sasl.login.retry.backoff.ms = 100
	sasl.mechanism = GSSAPI
	sasl.oauthbearer.clock.skew.seconds = 30
	sasl.oauthbearer.expected.audience = null
	sasl.oauthbearer.expected.issuer = null
	sasl.oauthbearer.jwks.endpoint.refresh.ms = 3600000
	sasl.oauthbearer.jwks.endpoint.retry.backoff.max.ms = 10000
	sasl.oauthbearer.jwks.endpoint.retry.backoff.ms = 100
	sasl.oauthbearer.jwks.endpoint.url = null
	sasl.oauthbearer.scope.claim.name = scope
	sasl.oauthbearer.sub.claim.name = sub
	sasl.oauthbearer.token.endpoint.url = null
	security.protocol = PLAINTEXT
	security.providers = null
	send.buffer.bytes = 131072
	session.timeout.ms = 45000
	socket.connection.setup.timeout.max.ms = 30000
	socket.connection.setup.timeout.ms = 10000
	ssl.cipher.suites = null
	ssl.enabled.protocols = [TLSv1.2, TLSv1.3]
	ssl.endpoint.identification.algorithm = https
	ssl.engine.factory.class = null
	ssl.key.password = null
	ssl.keymanager.algorithm = SunX509
	ssl.keystore.certificate.chain = null
	ssl.keystore.key = null
	ssl.keystore.location = null
	ssl.keystore.password = null
	ssl.keystore.type = JKS
	ssl.protocol = TLSv1.3
	ssl.provider = null
	ssl.secure.random.implementation = null
	ssl.trustmanager.algorithm = PKIX
	ssl.truststore.certificates = null
	ssl.truststore.location = null
	ssl.truststore.password = null
	ssl.truststore.type = JKS
	value.deserializer = class org.apache.kafka.common.serialization.StringDeserializer

2024-11-30T00:09:03.734-05:00  INFO 45904 --- [ms-antifraude] [           main] o.a.k.c.t.i.KafkaMetricsCollector        : initializing Kafka metrics collector
2024-11-30T00:09:03.864-05:00  INFO 45904 --- [ms-antifraude] [           main] o.a.kafka.common.utils.AppInfoParser     : Kafka version: 3.8.1
2024-11-30T00:09:03.864-05:00  INFO 45904 --- [ms-antifraude] [           main] o.a.kafka.common.utils.AppInfoParser     : Kafka commitId: 70d6ff42debf7e17
2024-11-30T00:09:03.865-05:00  INFO 45904 --- [ms-antifraude] [           main] o.a.kafka.common.utils.AppInfoParser     : Kafka startTimeMs: 1732943343863
2024-11-30T00:09:03.867-05:00  INFO 45904 --- [ms-antifraude] [           main] o.a.k.c.c.internals.LegacyKafkaConsumer  : [Consumer clientId=consumer-my-group-id-1, groupId=my-group-id] Subscribed to topic(s): topic-crea-transaction
2024-11-30T00:09:03.881-05:00  INFO 45904 --- [ms-antifraude] [           main] c.p.a.m.MsAntifraudeApplicationTests     : Started MsAntifraudeApplicationTests in 1.851 seconds (process running for 2.537)
2024-11-30T00:09:04.253-05:00  INFO 45904 --- [ms-antifraude] [ntainer#0-0-C-1] org.apache.kafka.clients.Metadata        : [Consumer clientId=consumer-my-group-id-1, groupId=my-group-id] Cluster ID: JQH-8uJtS9idx9Ts7Q-R0g
2024-11-30T00:09:04.253-05:00  INFO 45904 --- [ms-antifraude] [ntainer#0-0-C-1] o.a.k.c.c.internals.ConsumerCoordinator  : [Consumer clientId=consumer-my-group-id-1, groupId=my-group-id] Discovered group coordinator host.docker.internal:9092 (id: 2147483647 rack: null)
2024-11-30T00:09:04.256-05:00  INFO 45904 --- [ms-antifraude] [ntainer#0-0-C-1] o.a.k.c.c.internals.ConsumerCoordinator  : [Consumer clientId=consumer-my-group-id-1, groupId=my-group-id] (Re-)joining group
2024-11-30T00:09:04.273-05:00  INFO 45904 --- [ms-antifraude] [ntainer#0-0-C-1] o.a.k.c.c.internals.ConsumerCoordinator  : [Consumer clientId=consumer-my-group-id-1, groupId=my-group-id] Request joining group due to: need to re-join with the given member-id: consumer-my-group-id-1-c85cb388-c430-4b77-ae3d-37e1cd6fffc2
2024-11-30T00:09:04.273-05:00  INFO 45904 --- [ms-antifraude] [ntainer#0-0-C-1] o.a.k.c.c.internals.ConsumerCoordinator  : [Consumer clientId=consumer-my-group-id-1, groupId=my-group-id] (Re-)joining group
2024-11-30T00:09:04.277-05:00  INFO 45904 --- [ms-antifraude] [ntainer#0-0-C-1] o.a.k.c.c.internals.ConsumerCoordinator  : [Consumer clientId=consumer-my-group-id-1, groupId=my-group-id] Successfully joined group with generation Generation{generationId=27, memberId='consumer-my-group-id-1-c85cb388-c430-4b77-ae3d-37e1cd6fffc2', protocol='range'}
2024-11-30T00:09:04.283-05:00  INFO 45904 --- [ms-antifraude] [ntainer#0-0-C-1] o.a.k.c.c.internals.ConsumerCoordinator  : [Consumer clientId=consumer-my-group-id-1, groupId=my-group-id] Finished assignment for group at generation 27: {consumer-my-group-id-1-c85cb388-c430-4b77-ae3d-37e1cd6fffc2=Assignment(partitions=[topic-crea-transaction-0])}
2024-11-30T00:09:04.293-05:00  INFO 45904 --- [ms-antifraude] [ntainer#0-0-C-1] o.a.k.c.c.internals.ConsumerCoordinator  : [Consumer clientId=consumer-my-group-id-1, groupId=my-group-id] Successfully synced group in generation Generation{generationId=27, memberId='consumer-my-group-id-1-c85cb388-c430-4b77-ae3d-37e1cd6fffc2', protocol='range'}
2024-11-30T00:09:04.294-05:00  INFO 45904 --- [ms-antifraude] [ntainer#0-0-C-1] o.a.k.c.c.internals.ConsumerCoordinator  : [Consumer clientId=consumer-my-group-id-1, groupId=my-group-id] Notifying assignor about the new Assignment(partitions=[topic-crea-transaction-0])
2024-11-30T00:09:04.297-05:00  INFO 45904 --- [ms-antifraude] [ntainer#0-0-C-1] k.c.c.i.ConsumerRebalanceListenerInvoker : [Consumer clientId=consumer-my-group-id-1, groupId=my-group-id] Adding newly assigned partitions: topic-crea-transaction-0
2024-11-30T00:09:04.305-05:00  INFO 45904 --- [ms-antifraude] [ntainer#0-0-C-1] o.a.k.c.c.internals.ConsumerUtils        : Setting offset for partition topic-crea-transaction-0 to the committed offset FetchPosition{offset=21, offsetEpoch=Optional.empty, currentLeader=LeaderAndEpoch{leader=Optional[host.docker.internal:9092 (id: 0 rack: null)], epoch=0}}
2024-11-30T00:09:04.306-05:00  INFO 45904 --- [ms-antifraude] [ntainer#0-0-C-1] o.s.k.l.KafkaMessageListenerContainer    : my-group-id: partitions assigned: [topic-crea-transaction-0]
]]></system-out>
    <system-err><![CDATA[nov. 30, 2024 12:09:01 A. M. org.junit.platform.launcher.core.LauncherConfigurationParameters loadClasspathResource
WARNING: Discovered 3 'junit-platform.properties' configuration files on the classpath (see below); only the first (*) will be used.
- jar:file:/C:/Users/diego/.m2/repository/org/apache/kafka/kafka-clients/3.8.1/kafka-clients-3.8.1-test.jar!/junit-platform.properties (*)
- jar:file:/C:/Users/diego/.m2/repository/org/apache/kafka/kafka-server-common/3.8.1/kafka-server-common-3.8.1-test.jar!/junit-platform.properties
- jar:file:/C:/Users/diego/.m2/repository/org/apache/kafka/kafka_2.13/3.8.1/kafka_2.13-3.8.1-test.jar!/junit-platform.properties
nov. 30, 2024 12:09:01 A. M. org.junit.platform.launcher.core.LauncherConfigurationParameters loadClasspathResource
WARNING: Discovered 3 'junit-platform.properties' configuration files on the classpath (see below); only the first (*) will be used.
- jar:file:/C:/Users/diego/.m2/repository/org/apache/kafka/kafka-clients/3.8.1/kafka-clients-3.8.1-test.jar!/junit-platform.properties (*)
- jar:file:/C:/Users/diego/.m2/repository/org/apache/kafka/kafka-server-common/3.8.1/kafka-server-common-3.8.1-test.jar!/junit-platform.properties
- jar:file:/C:/Users/diego/.m2/repository/org/apache/kafka/kafka_2.13/3.8.1/kafka_2.13-3.8.1-test.jar!/junit-platform.properties
nov. 30, 2024 12:09:01 A. M. org.junit.platform.launcher.core.LauncherConfigurationParameters loadClasspathResource
WARNING: Discovered 3 'junit-platform.properties' configuration files on the classpath (see below); only the first (*) will be used.
- jar:file:/C:/Users/diego/.m2/repository/org/apache/kafka/kafka-clients/3.8.1/kafka-clients-3.8.1-test.jar!/junit-platform.properties (*)
- jar:file:/C:/Users/diego/.m2/repository/org/apache/kafka/kafka-server-common/3.8.1/kafka-server-common-3.8.1-test.jar!/junit-platform.properties
- jar:file:/C:/Users/diego/.m2/repository/org/apache/kafka/kafka_2.13/3.8.1/kafka_2.13-3.8.1-test.jar!/junit-platform.properties
Mockito is currently self-attaching to enable the inline-mock-maker. This will no longer work in future releases of the JDK. Please add Mockito as an agent to your build what is described in Mockito's documentation: https://javadoc.io/doc/org.mockito/mockito-core/latest/org/mockito/Mockito.html#0.3
WARNING: A Java agent has been loaded dynamically (C:\Users\diego\.m2\repository\net\bytebuddy\byte-buddy-agent\1.15.10\byte-buddy-agent-1.15.10.jar)
WARNING: If a serviceability tool is in use, please run with -XX:+EnableDynamicAgentLoading to hide this warning
WARNING: If a serviceability tool is not in use, please run with -Djdk.instrument.traceUsage for more information
WARNING: Dynamic loading of agents will be disallowed by default in a future release
]]></system-err>
  </testcase>
</testsuite>